[0.000000] (-) TimerEvent: {}
[0.000138] (rover_core) JobQueued: {'identifier': 'rover_core', 'dependencies': OrderedDict()}
[0.000387] (rover_core) JobStarted: {'identifier': 'rover_core'}
[0.098956] (-) TimerEvent: {}
[0.185501] (rover_core) Command: {'cmd': ['/usr/bin/python3', '-W', 'ignore:setup.py install is deprecated', '-W', 'ignore:easy_install command is deprecated', 'setup.py', 'develop', '--editable', '--build-directory', '/workspace/lunar_ops/rover_ws/build/rover_core/build', '--no-deps', 'symlink_data'], 'cwd': '/workspace/lunar_ops/rover_ws/build/rover_core', 'env': {'HOSTNAME': '85a45c6beed7', 'SHLVL': '0', 'LD_LIBRARY_PATH': '/opt/ros/humble/lib/aarch64-linux-gnu:/opt/ros/humble/lib', 'HOME': '/root', 'OLDPWD': '/workspace/lunar_ops/rover_ws', 'ROS_PYTHON_VERSION': '3', 'ROS_DISTRO': 'humble', '_': '/usr/bin/colcon', 'ROS_VERSION': '2', 'TERM': 'xterm', 'ROS_LOCALHOST_ONLY': '0', 'PATH': '/opt/ros/humble/bin:/usr/local/sbin:/usr/local/bin:/usr/sbin:/usr/bin:/sbin:/bin', 'LANG': 'C.UTF-8', 'AMENT_PREFIX_PATH': '/opt/ros/humble', 'PWD': '/workspace/lunar_ops/rover_ws/build/rover_core', 'LC_ALL': 'C.UTF-8', 'PYTHONPATH': '/workspace/lunar_ops/rover_ws/build/rover_core/prefix_override:/usr/lib/python3/dist-packages/colcon_core/task/python/colcon_distutils_commands:/workspace/lunar_ops/rover_ws/install/rover_core/lib/python3.10/site-packages:/opt/ros/humble/lib/python3.10/site-packages:/opt/ros/humble/local/lib/python3.10/dist-packages', 'COLCON': '1'}, 'shell': False}
[0.199948] (-) TimerEvent: {}
[0.263851] (rover_core) StdoutLine: {'line': b'running develop\n'}
[0.290258] (rover_core) StdoutLine: {'line': b'running egg_info\n'}
[0.290763] (rover_core) StdoutLine: {'line': b'creating rover_core.egg-info\n'}
[0.291019] (rover_core) StdoutLine: {'line': b'writing rover_core.egg-info/PKG-INFO\n'}
[0.291247] (rover_core) StdoutLine: {'line': b'writing dependency_links to rover_core.egg-info/dependency_links.txt\n'}
[0.291628] (rover_core) StdoutLine: {'line': b'writing entry points to rover_core.egg-info/entry_points.txt\n'}
[0.292261] (rover_core) StdoutLine: {'line': b'writing requirements to rover_core.egg-info/requires.txt\n'}
[0.292755] (rover_core) StdoutLine: {'line': b'writing top-level names to rover_core.egg-info/top_level.txt\n'}
[0.293220] (rover_core) StdoutLine: {'line': b"writing manifest file 'rover_core.egg-info/SOURCES.txt'\n"}
[0.294664] (rover_core) StdoutLine: {'line': b"reading manifest file 'rover_core.egg-info/SOURCES.txt'\n"}
[0.295497] (rover_core) StdoutLine: {'line': b"writing manifest file 'rover_core.egg-info/SOURCES.txt'\n"}
[0.296409] (rover_core) StdoutLine: {'line': b'running build_ext\n'}
[0.296801] (rover_core) StdoutLine: {'line': b'Creating /workspace/lunar_ops/rover_ws/install/rover_core/lib/python3.10/site-packages/rover-core.egg-link (link to .)\n'}
[0.297603] (rover_core) StdoutLine: {'line': b'Installing earth_node script to /workspace/lunar_ops/rover_ws/install/rover_core/bin\n'}
[0.298121] (rover_core) StdoutLine: {'line': b'Installing rover_node script to /workspace/lunar_ops/rover_ws/install/rover_core/bin\n'}
[0.298632] (rover_core) StdoutLine: {'line': b'\n'}
[0.298852] (rover_core) StdoutLine: {'line': b'Installed /workspace/lunar_ops/rover_ws/build/rover_core\n'}
[0.299094] (rover_core) StdoutLine: {'line': b'running symlink_data\n'}
[0.299392] (rover_core) StdoutLine: {'line': b'creating /workspace/lunar_ops/rover_ws/install/rover_core/share/ament_index\n'}
[0.299589] (rover_core) StdoutLine: {'line': b'creating /workspace/lunar_ops/rover_ws/install/rover_core/share/ament_index/resource_index\n'}
[0.301977] (-) TimerEvent: {}
[0.302990] (rover_core) StdoutLine: {'line': b'creating /workspace/lunar_ops/rover_ws/install/rover_core/share/ament_index/resource_index/packages\n'}
[0.303167] (rover_core) StdoutLine: {'line': b'symbolically linking /workspace/lunar_ops/rover_ws/build/rover_core/resource/rover_core -> /workspace/lunar_ops/rover_ws/install/rover_core/share/ament_index/resource_index/packages\n'}
[0.303479] (rover_core) StdoutLine: {'line': b'symbolically linking /workspace/lunar_ops/rover_ws/build/rover_core/package.xml -> /workspace/lunar_ops/rover_ws/install/rover_core/share/rover_core\n'}
[0.312536] (rover_core) CommandEnded: {'returncode': 0}
[0.326700] (rover_core) JobEnded: {'identifier': 'rover_core', 'rc': 0}
[0.327556] (-) EventReactorShutdown: {}
